<?xml version="1.0" encoding="UTF-8" standalone="no"?><testsuite errors="0" failures="0" name="Validate Keyword Density on WordCounter" skipped="0" tests="6" time="32.52" timestamp="2024-09-24 09:05:28"><testcase name="Validate basic keyword density"/><testcase name="Validate keyword density ignoring case"/><testcase name="Validate keyword density with special characters"/><testcase name="Validate keyword density with extra spaces"/><testcase name="Validate keyword density with different word order"/><testcase name="Validate keyword density with new lines"/></testsuite>